<?xml version="1.0" encoding="UTF-8"?>
<testng-results ignored="0" total="1" passed="1" failed="0" skipped="0">
  <reporter-output>
  </reporter-output>
  <suite started-at="2024-02-23T16:39:55Z" name="Default suite" finished-at="2024-02-23T16:40:22Z" duration-ms="27390">
    <groups>
    </groups>
    <test started-at="2024-02-23T16:39:55Z" name="Default test" finished-at="2024-02-23T16:40:22Z" duration-ms="27390">
      <class name="PageFactoryWithoutAnnotations.LoginWithoutAnnotation2">
        <test-method signature="login()[pri:0, instance:PageFactoryWithoutAnnotations.LoginWithoutAnnotation2@71e693fa]" started-at="2024-02-23T22:09:55Z" name="login" finished-at="2024-02-23T22:10:22Z" duration-ms="27365" status="PASS">
          <reporter-output>
          </reporter-output>
        </test-method> <!-- login -->
      </class> <!-- PageFactoryWithoutAnnotations.LoginWithoutAnnotation2 -->
    </test> <!-- Default test -->
  </suite> <!-- Default suite -->
</testng-results>
